[INFO  - 2020-05-01T08:45:28.347Z] GhostDriver - Main - running on port 52080
[INFO  - 2020-05-01T08:45:31.556Z] Session [1d865f20-8b88-11ea-b34d-e7b20926acb9] - page.settings - {"XSSAuditingEnabled":false,"javascriptCanCloseWindows":true,"javascriptCanOpenWindows":true,"javascriptEnabled":true,"loadImages":true,"localToRemoteUrlAccessEnabled":false,"userAgent":"Mozilla/5.0 (Windows NT 6.2; WOW64) AppleWebKit/538.1 (KHTML, like Gecko) PhantomJS/2.1.1 Safari/538.1","webSecurityEnabled":true}
[INFO  - 2020-05-01T08:45:31.556Z] Session [1d865f20-8b88-11ea-b34d-e7b20926acb9] - page.customHeaders:  - {}
[INFO  - 2020-05-01T08:45:31.556Z] Session [1d865f20-8b88-11ea-b34d-e7b20926acb9] - Session.negotiatedCapabilities - {"browserName":"phantomjs","version":"2.1.1","driverName":"ghostdriver","driverVersion":"1.2.0","platform":"windows-10-32bit","javascriptEnabled":true,"takesScreenshot":true,"handlesAlerts":false,"databaseEnabled":false,"locationContextEnabled":false,"applicationCacheEnabled":false,"browserConnectionEnabled":false,"cssSelectorsEnabled":true,"webStorageEnabled":false,"rotatable":false,"acceptSslCerts":false,"nativeEvents":true,"proxy":{"proxyType":"direct"}}
[INFO  - 2020-05-01T08:45:31.618Z] SessionManagerReqHand - _postNewSessionCommand - New Session Created: 1d865f20-8b88-11ea-b34d-e7b20926acb9
[ERROR - 2020-05-01T08:45:41.719Z] Session [1d865f20-8b88-11ea-b34d-e7b20926acb9] - page.onError - msg: TypeError: null is not an object (evaluating 'r[1]')

  phantomjs://platform/console++.js:263 in error
[ERROR - 2020-05-01T08:45:41.720Z] Session [1d865f20-8b88-11ea-b34d-e7b20926acb9] - page.onError - stack:
  e (https://img3.doubanio.com/f/accounts/89b48f11a15fb68497a8bf010d94cb38bffa728f/passport/build/login/base.js:4)
  (anonymous function) (https://img3.doubanio.com/f/accounts/89b48f11a15fb68497a8bf010d94cb38bffa728f/passport/build/login/base.js:2)
  sendEvent (:0)
  _keyEvent (phantomjs://code/inputs.js:325)
  _pressKey (phantomjs://code/inputs.js:280)
  _sendKeys (phantomjs://code/inputs.js:237)
  _postValueCommand (phantomjs://code/webelement_request_handler.js:288)
  _handle (phantomjs://code/webelement_request_handler.js:72)
  _reroute (phantomjs://code/request_handler.js:61)
  _handle (phantomjs://code/session_request_handler.js:120)
  _reroute (phantomjs://code/request_handler.js:61)
  _handle (phantomjs://code/router_request_handler.js:78)

  phantomjs://platform/console++.js:263 in error
[ERROR - 2020-05-01T08:45:41.725Z] Session [1d865f20-8b88-11ea-b34d-e7b20926acb9] - page.onError - msg: TypeError: null is not an object (evaluating 'r[1]')

  phantomjs://platform/console++.js:263 in error
[ERROR - 2020-05-01T08:45:41.725Z] Session [1d865f20-8b88-11ea-b34d-e7b20926acb9] - page.onError - stack:
  e (https://img3.doubanio.com/f/accounts/89b48f11a15fb68497a8bf010d94cb38bffa728f/passport/build/login/base.js:4)
  (anonymous function) (https://img3.doubanio.com/f/accounts/89b48f11a15fb68497a8bf010d94cb38bffa728f/passport/build/login/base.js:2)
  sendEvent (:0)
  _keyEvent (phantomjs://code/inputs.js:325)
  _pressKey (phantomjs://code/inputs.js:280)
  _sendKeys (phantomjs://code/inputs.js:237)
  _postValueCommand (phantomjs://code/webelement_request_handler.js:288)
  _handle (phantomjs://code/webelement_request_handler.js:72)
  _reroute (phantomjs://code/request_handler.js:61)
  _handle (phantomjs://code/session_request_handler.js:120)
  _reroute (phantomjs://code/request_handler.js:61)
  _handle (phantomjs://code/router_request_handler.js:78)

  phantomjs://platform/console++.js:263 in error
[ERROR - 2020-05-01T08:45:41.729Z] Session [1d865f20-8b88-11ea-b34d-e7b20926acb9] - page.onError - msg: TypeError: null is not an object (evaluating 'r[1]')

  phantomjs://platform/console++.js:263 in error
[ERROR - 2020-05-01T08:45:41.729Z] Session [1d865f20-8b88-11ea-b34d-e7b20926acb9] - page.onError - stack:
  e (https://img3.doubanio.com/f/accounts/89b48f11a15fb68497a8bf010d94cb38bffa728f/passport/build/login/base.js:4)
  (anonymous function) (https://img3.doubanio.com/f/accounts/89b48f11a15fb68497a8bf010d94cb38bffa728f/passport/build/login/base.js:2)
  sendEvent (:0)
  _keyEvent (phantomjs://code/inputs.js:325)
  _pressKey (phantomjs://code/inputs.js:280)
  _sendKeys (phantomjs://code/inputs.js:237)
  _postValueCommand (phantomjs://code/webelement_request_handler.js:288)
  _handle (phantomjs://code/webelement_request_handler.js:72)
  _reroute (phantomjs://code/request_handler.js:61)
  _handle (phantomjs://code/session_request_handler.js:120)
  _reroute (phantomjs://code/request_handler.js:61)
  _handle (phantomjs://code/router_request_handler.js:78)

  phantomjs://platform/console++.js:263 in error
[ERROR - 2020-05-01T08:45:41.734Z] Session [1d865f20-8b88-11ea-b34d-e7b20926acb9] - page.onError - msg: TypeError: null is not an object (evaluating 'r[1]')

  phantomjs://platform/console++.js:263 in error
[ERROR - 2020-05-01T08:45:41.734Z] Session [1d865f20-8b88-11ea-b34d-e7b20926acb9] - page.onError - stack:
  e (https://img3.doubanio.com/f/accounts/89b48f11a15fb68497a8bf010d94cb38bffa728f/passport/build/login/base.js:4)
  (anonymous function) (https://img3.doubanio.com/f/accounts/89b48f11a15fb68497a8bf010d94cb38bffa728f/passport/build/login/base.js:2)
  sendEvent (:0)
  _keyEvent (phantomjs://code/inputs.js:325)
  _pressKey (phantomjs://code/inputs.js:280)
  _sendKeys (phantomjs://code/inputs.js:237)
  _postValueCommand (phantomjs://code/webelement_request_handler.js:288)
  _handle (phantomjs://code/webelement_request_handler.js:72)
  _reroute (phantomjs://code/request_handler.js:61)
  _handle (phantomjs://code/session_request_handler.js:120)
  _reroute (phantomjs://code/request_handler.js:61)
  _handle (phantomjs://code/router_request_handler.js:78)

  phantomjs://platform/console++.js:263 in error
[ERROR - 2020-05-01T08:45:41.738Z] Session [1d865f20-8b88-11ea-b34d-e7b20926acb9] - page.onError - msg: TypeError: null is not an object (evaluating 'r[1]')

  phantomjs://platform/console++.js:263 in error
[ERROR - 2020-05-01T08:45:41.738Z] Session [1d865f20-8b88-11ea-b34d-e7b20926acb9] - page.onError - stack:
  e (https://img3.doubanio.com/f/accounts/89b48f11a15fb68497a8bf010d94cb38bffa728f/passport/build/login/base.js:4)
  (anonymous function) (https://img3.doubanio.com/f/accounts/89b48f11a15fb68497a8bf010d94cb38bffa728f/passport/build/login/base.js:2)
  sendEvent (:0)
  _keyEvent (phantomjs://code/inputs.js:325)
  _pressKey (phantomjs://code/inputs.js:280)
  _sendKeys (phantomjs://code/inputs.js:237)
  _postValueCommand (phantomjs://code/webelement_request_handler.js:288)
  _handle (phantomjs://code/webelement_request_handler.js:72)
  _reroute (phantomjs://code/request_handler.js:61)
  _handle (phantomjs://code/session_request_handler.js:120)
  _reroute (phantomjs://code/request_handler.js:61)
  _handle (phantomjs://code/router_request_handler.js:78)

  phantomjs://platform/console++.js:263 in error
[ERROR - 2020-05-01T08:45:41.743Z] Session [1d865f20-8b88-11ea-b34d-e7b20926acb9] - page.onError - msg: TypeError: null is not an object (evaluating 'r[1]')

  phantomjs://platform/console++.js:263 in error
[ERROR - 2020-05-01T08:45:41.743Z] Session [1d865f20-8b88-11ea-b34d-e7b20926acb9] - page.onError - stack:
  e (https://img3.doubanio.com/f/accounts/89b48f11a15fb68497a8bf010d94cb38bffa728f/passport/build/login/base.js:4)
  (anonymous function) (https://img3.doubanio.com/f/accounts/89b48f11a15fb68497a8bf010d94cb38bffa728f/passport/build/login/base.js:2)
  sendEvent (:0)
  _keyEvent (phantomjs://code/inputs.js:325)
  _pressKey (phantomjs://code/inputs.js:280)
  _sendKeys (phantomjs://code/inputs.js:237)
  _postValueCommand (phantomjs://code/webelement_request_handler.js:288)
  _handle (phantomjs://code/webelement_request_handler.js:72)
  _reroute (phantomjs://code/request_handler.js:61)
  _handle (phantomjs://code/session_request_handler.js:120)
  _reroute (phantomjs://code/request_handler.js:61)
  _handle (phantomjs://code/router_request_handler.js:78)

  phantomjs://platform/console++.js:263 in error
[ERROR - 2020-05-01T08:45:41.747Z] Session [1d865f20-8b88-11ea-b34d-e7b20926acb9] - page.onError - msg: TypeError: null is not an object (evaluating 'r[1]')

  phantomjs://platform/console++.js:263 in error
[ERROR - 2020-05-01T08:45:41.748Z] Session [1d865f20-8b88-11ea-b34d-e7b20926acb9] - page.onError - stack:
  e (https://img3.doubanio.com/f/accounts/89b48f11a15fb68497a8bf010d94cb38bffa728f/passport/build/login/base.js:4)
  (anonymous function) (https://img3.doubanio.com/f/accounts/89b48f11a15fb68497a8bf010d94cb38bffa728f/passport/build/login/base.js:2)
  sendEvent (:0)
  _keyEvent (phantomjs://code/inputs.js:325)
  _pressKey (phantomjs://code/inputs.js:280)
  _sendKeys (phantomjs://code/inputs.js:237)
  _postValueCommand (phantomjs://code/webelement_request_handler.js:288)
  _handle (phantomjs://code/webelement_request_handler.js:72)
  _reroute (phantomjs://code/request_handler.js:61)
  _handle (phantomjs://code/session_request_handler.js:120)
  _reroute (phantomjs://code/request_handler.js:61)
  _handle (phantomjs://code/router_request_handler.js:78)

  phantomjs://platform/console++.js:263 in error
[ERROR - 2020-05-01T08:45:41.752Z] Session [1d865f20-8b88-11ea-b34d-e7b20926acb9] - page.onError - msg: TypeError: null is not an object (evaluating 'r[1]')

  phantomjs://platform/console++.js:263 in error
[ERROR - 2020-05-01T08:45:41.752Z] Session [1d865f20-8b88-11ea-b34d-e7b20926acb9] - page.onError - stack:
  e (https://img3.doubanio.com/f/accounts/89b48f11a15fb68497a8bf010d94cb38bffa728f/passport/build/login/base.js:4)
  (anonymous function) (https://img3.doubanio.com/f/accounts/89b48f11a15fb68497a8bf010d94cb38bffa728f/passport/build/login/base.js:2)
  sendEvent (:0)
  _keyEvent (phantomjs://code/inputs.js:325)
  _pressKey (phantomjs://code/inputs.js:280)
  _sendKeys (phantomjs://code/inputs.js:237)
  _postValueCommand (phantomjs://code/webelement_request_handler.js:288)
  _handle (phantomjs://code/webelement_request_handler.js:72)
  _reroute (phantomjs://code/request_handler.js:61)
  _handle (phantomjs://code/session_request_handler.js:120)
  _reroute (phantomjs://code/request_handler.js:61)
  _handle (phantomjs://code/router_request_handler.js:78)

  phantomjs://platform/console++.js:263 in error
[ERROR - 2020-05-01T08:45:41.756Z] Session [1d865f20-8b88-11ea-b34d-e7b20926acb9] - page.onError - msg: TypeError: null is not an object (evaluating 'r[1]')

  phantomjs://platform/console++.js:263 in error
[ERROR - 2020-05-01T08:45:41.756Z] Session [1d865f20-8b88-11ea-b34d-e7b20926acb9] - page.onError - stack:
  e (https://img3.doubanio.com/f/accounts/89b48f11a15fb68497a8bf010d94cb38bffa728f/passport/build/login/base.js:4)
  (anonymous function) (https://img3.doubanio.com/f/accounts/89b48f11a15fb68497a8bf010d94cb38bffa728f/passport/build/login/base.js:2)
  sendEvent (:0)
  _keyEvent (phantomjs://code/inputs.js:325)
  _pressKey (phantomjs://code/inputs.js:280)
  _sendKeys (phantomjs://code/inputs.js:237)
  _postValueCommand (phantomjs://code/webelement_request_handler.js:288)
  _handle (phantomjs://code/webelement_request_handler.js:72)
  _reroute (phantomjs://code/request_handler.js:61)
  _handle (phantomjs://code/session_request_handler.js:120)
  _reroute (phantomjs://code/request_handler.js:61)
  _handle (phantomjs://code/router_request_handler.js:78)

  phantomjs://platform/console++.js:263 in error
[ERROR - 2020-05-01T08:45:41.760Z] Session [1d865f20-8b88-11ea-b34d-e7b20926acb9] - page.onError - msg: TypeError: null is not an object (evaluating 'r[1]')

  phantomjs://platform/console++.js:263 in error
[ERROR - 2020-05-01T08:45:41.761Z] Session [1d865f20-8b88-11ea-b34d-e7b20926acb9] - page.onError - stack:
  e (https://img3.doubanio.com/f/accounts/89b48f11a15fb68497a8bf010d94cb38bffa728f/passport/build/login/base.js:4)
  (anonymous function) (https://img3.doubanio.com/f/accounts/89b48f11a15fb68497a8bf010d94cb38bffa728f/passport/build/login/base.js:2)
  sendEvent (:0)
  _keyEvent (phantomjs://code/inputs.js:325)
  _pressKey (phantomjs://code/inputs.js:280)
  _sendKeys (phantomjs://code/inputs.js:237)
  _postValueCommand (phantomjs://code/webelement_request_handler.js:288)
  _handle (phantomjs://code/webelement_request_handler.js:72)
  _reroute (phantomjs://code/request_handler.js:61)
  _handle (phantomjs://code/session_request_handler.js:120)
  _reroute (phantomjs://code/request_handler.js:61)
  _handle (phantomjs://code/router_request_handler.js:78)

  phantomjs://platform/console++.js:263 in error
[ERROR - 2020-05-01T08:45:41.765Z] Session [1d865f20-8b88-11ea-b34d-e7b20926acb9] - page.onError - msg: TypeError: null is not an object (evaluating 'r[1]')

  phantomjs://platform/console++.js:263 in error
[ERROR - 2020-05-01T08:45:41.765Z] Session [1d865f20-8b88-11ea-b34d-e7b20926acb9] - page.onError - stack:
  e (https://img3.doubanio.com/f/accounts/89b48f11a15fb68497a8bf010d94cb38bffa728f/passport/build/login/base.js:4)
  (anonymous function) (https://img3.doubanio.com/f/accounts/89b48f11a15fb68497a8bf010d94cb38bffa728f/passport/build/login/base.js:2)
  sendEvent (:0)
  _keyEvent (phantomjs://code/inputs.js:325)
  _pressKey (phantomjs://code/inputs.js:280)
  _sendKeys (phantomjs://code/inputs.js:237)
  _postValueCommand (phantomjs://code/webelement_request_handler.js:288)
  _handle (phantomjs://code/webelement_request_handler.js:72)
  _reroute (phantomjs://code/request_handler.js:61)
  _handle (phantomjs://code/session_request_handler.js:120)
  _reroute (phantomjs://code/request_handler.js:61)
  _handle (phantomjs://code/router_request_handler.js:78)

  phantomjs://platform/console++.js:263 in error
[ERROR - 2020-05-01T08:45:41.923Z] Session [1d865f20-8b88-11ea-b34d-e7b20926acb9] - page.onError - msg: TypeError: null is not an object (evaluating 'r[1]')

  phantomjs://platform/console++.js:263 in error
[ERROR - 2020-05-01T08:45:41.923Z] Session [1d865f20-8b88-11ea-b34d-e7b20926acb9] - page.onError - stack:
  e (https://img3.doubanio.com/f/accounts/89b48f11a15fb68497a8bf010d94cb38bffa728f/passport/build/login/base.js:4)
  (anonymous function) (https://img3.doubanio.com/f/accounts/89b48f11a15fb68497a8bf010d94cb38bffa728f/passport/build/login/base.js:2)
  sendEvent (:0)
  _keyEvent (phantomjs://code/inputs.js:325)
  _pressKey (phantomjs://code/inputs.js:280)
  _sendKeys (phantomjs://code/inputs.js:237)
  _postValueCommand (phantomjs://code/webelement_request_handler.js:288)
  _handle (phantomjs://code/webelement_request_handler.js:72)
  _reroute (phantomjs://code/request_handler.js:61)
  _handle (phantomjs://code/session_request_handler.js:120)
  _reroute (phantomjs://code/request_handler.js:61)
  _handle (phantomjs://code/router_request_handler.js:78)

  phantomjs://platform/console++.js:263 in error
[ERROR - 2020-05-01T08:45:41.928Z] Session [1d865f20-8b88-11ea-b34d-e7b20926acb9] - page.onError - msg: TypeError: null is not an object (evaluating 'r[1]')

  phantomjs://platform/console++.js:263 in error
[ERROR - 2020-05-01T08:45:41.928Z] Session [1d865f20-8b88-11ea-b34d-e7b20926acb9] - page.onError - stack:
  e (https://img3.doubanio.com/f/accounts/89b48f11a15fb68497a8bf010d94cb38bffa728f/passport/build/login/base.js:4)
  (anonymous function) (https://img3.doubanio.com/f/accounts/89b48f11a15fb68497a8bf010d94cb38bffa728f/passport/build/login/base.js:2)
  sendEvent (:0)
  _keyEvent (phantomjs://code/inputs.js:325)
  _pressKey (phantomjs://code/inputs.js:280)
  _sendKeys (phantomjs://code/inputs.js:237)
  _postValueCommand (phantomjs://code/webelement_request_handler.js:288)
  _handle (phantomjs://code/webelement_request_handler.js:72)
  _reroute (phantomjs://code/request_handler.js:61)
  _handle (phantomjs://code/session_request_handler.js:120)
  _reroute (phantomjs://code/request_handler.js:61)
  _handle (phantomjs://code/router_request_handler.js:78)

  phantomjs://platform/console++.js:263 in error
[ERROR - 2020-05-01T08:45:41.933Z] Session [1d865f20-8b88-11ea-b34d-e7b20926acb9] - page.onError - msg: TypeError: null is not an object (evaluating 'r[1]')

  phantomjs://platform/console++.js:263 in error
[ERROR - 2020-05-01T08:45:41.933Z] Session [1d865f20-8b88-11ea-b34d-e7b20926acb9] - page.onError - stack:
  e (https://img3.doubanio.com/f/accounts/89b48f11a15fb68497a8bf010d94cb38bffa728f/passport/build/login/base.js:4)
  (anonymous function) (https://img3.doubanio.com/f/accounts/89b48f11a15fb68497a8bf010d94cb38bffa728f/passport/build/login/base.js:2)
  sendEvent (:0)
  _keyEvent (phantomjs://code/inputs.js:325)
  _pressKey (phantomjs://code/inputs.js:280)
  _sendKeys (phantomjs://code/inputs.js:237)
  _postValueCommand (phantomjs://code/webelement_request_handler.js:288)
  _handle (phantomjs://code/webelement_request_handler.js:72)
  _reroute (phantomjs://code/request_handler.js:61)
  _handle (phantomjs://code/session_request_handler.js:120)
  _reroute (phantomjs://code/request_handler.js:61)
  _handle (phantomjs://code/router_request_handler.js:78)

  phantomjs://platform/console++.js:263 in error
[ERROR - 2020-05-01T08:45:41.938Z] Session [1d865f20-8b88-11ea-b34d-e7b20926acb9] - page.onError - msg: TypeError: null is not an object (evaluating 'r[1]')

  phantomjs://platform/console++.js:263 in error
[ERROR - 2020-05-01T08:45:41.938Z] Session [1d865f20-8b88-11ea-b34d-e7b20926acb9] - page.onError - stack:
  e (https://img3.doubanio.com/f/accounts/89b48f11a15fb68497a8bf010d94cb38bffa728f/passport/build/login/base.js:4)
  (anonymous function) (https://img3.doubanio.com/f/accounts/89b48f11a15fb68497a8bf010d94cb38bffa728f/passport/build/login/base.js:2)
  sendEvent (:0)
  _keyEvent (phantomjs://code/inputs.js:325)
  _pressKey (phantomjs://code/inputs.js:280)
  _sendKeys (phantomjs://code/inputs.js:237)
  _postValueCommand (phantomjs://code/webelement_request_handler.js:288)
  _handle (phantomjs://code/webelement_request_handler.js:72)
  _reroute (phantomjs://code/request_handler.js:61)
  _handle (phantomjs://code/session_request_handler.js:120)
  _reroute (phantomjs://code/request_handler.js:61)
  _handle (phantomjs://code/router_request_handler.js:78)

  phantomjs://platform/console++.js:263 in error
[ERROR - 2020-05-01T08:45:41.942Z] Session [1d865f20-8b88-11ea-b34d-e7b20926acb9] - page.onError - msg: TypeError: null is not an object (evaluating 'r[1]')

  phantomjs://platform/console++.js:263 in error
[ERROR - 2020-05-01T08:45:41.942Z] Session [1d865f20-8b88-11ea-b34d-e7b20926acb9] - page.onError - stack:
  e (https://img3.doubanio.com/f/accounts/89b48f11a15fb68497a8bf010d94cb38bffa728f/passport/build/login/base.js:4)
  (anonymous function) (https://img3.doubanio.com/f/accounts/89b48f11a15fb68497a8bf010d94cb38bffa728f/passport/build/login/base.js:2)
  sendEvent (:0)
  _keyEvent (phantomjs://code/inputs.js:325)
  _pressKey (phantomjs://code/inputs.js:280)
  _sendKeys (phantomjs://code/inputs.js:237)
  _postValueCommand (phantomjs://code/webelement_request_handler.js:288)
  _handle (phantomjs://code/webelement_request_handler.js:72)
  _reroute (phantomjs://code/request_handler.js:61)
  _handle (phantomjs://code/session_request_handler.js:120)
  _reroute (phantomjs://code/request_handler.js:61)
  _handle (phantomjs://code/router_request_handler.js:78)

  phantomjs://platform/console++.js:263 in error
[ERROR - 2020-05-01T08:45:41.946Z] Session [1d865f20-8b88-11ea-b34d-e7b20926acb9] - page.onError - msg: TypeError: null is not an object (evaluating 'r[1]')

  phantomjs://platform/console++.js:263 in error
[ERROR - 2020-05-01T08:45:41.946Z] Session [1d865f20-8b88-11ea-b34d-e7b20926acb9] - page.onError - stack:
  e (https://img3.doubanio.com/f/accounts/89b48f11a15fb68497a8bf010d94cb38bffa728f/passport/build/login/base.js:4)
  (anonymous function) (https://img3.doubanio.com/f/accounts/89b48f11a15fb68497a8bf010d94cb38bffa728f/passport/build/login/base.js:2)
  sendEvent (:0)
  _keyEvent (phantomjs://code/inputs.js:325)
  _pressKey (phantomjs://code/inputs.js:280)
  _sendKeys (phantomjs://code/inputs.js:237)
  _postValueCommand (phantomjs://code/webelement_request_handler.js:288)
  _handle (phantomjs://code/webelement_request_handler.js:72)
  _reroute (phantomjs://code/request_handler.js:61)
  _handle (phantomjs://code/session_request_handler.js:120)
  _reroute (phantomjs://code/request_handler.js:61)
  _handle (phantomjs://code/router_request_handler.js:78)

  phantomjs://platform/console++.js:263 in error
[ERROR - 2020-05-01T08:45:41.951Z] Session [1d865f20-8b88-11ea-b34d-e7b20926acb9] - page.onError - msg: TypeError: null is not an object (evaluating 'r[1]')

  phantomjs://platform/console++.js:263 in error
[ERROR - 2020-05-01T08:45:41.951Z] Session [1d865f20-8b88-11ea-b34d-e7b20926acb9] - page.onError - stack:
  e (https://img3.doubanio.com/f/accounts/89b48f11a15fb68497a8bf010d94cb38bffa728f/passport/build/login/base.js:4)
  (anonymous function) (https://img3.doubanio.com/f/accounts/89b48f11a15fb68497a8bf010d94cb38bffa728f/passport/build/login/base.js:2)
  sendEvent (:0)
  _keyEvent (phantomjs://code/inputs.js:325)
  _pressKey (phantomjs://code/inputs.js:280)
  _sendKeys (phantomjs://code/inputs.js:237)
  _postValueCommand (phantomjs://code/webelement_request_handler.js:288)
  _handle (phantomjs://code/webelement_request_handler.js:72)
  _reroute (phantomjs://code/request_handler.js:61)
  _handle (phantomjs://code/session_request_handler.js:120)
  _reroute (phantomjs://code/request_handler.js:61)
  _handle (phantomjs://code/router_request_handler.js:78)

  phantomjs://platform/console++.js:263 in error
[ERROR - 2020-05-01T08:45:41.955Z] Session [1d865f20-8b88-11ea-b34d-e7b20926acb9] - page.onError - msg: TypeError: null is not an object (evaluating 'r[1]')

  phantomjs://platform/console++.js:263 in error
[ERROR - 2020-05-01T08:45:41.955Z] Session [1d865f20-8b88-11ea-b34d-e7b20926acb9] - page.onError - stack:
  e (https://img3.doubanio.com/f/accounts/89b48f11a15fb68497a8bf010d94cb38bffa728f/passport/build/login/base.js:4)
  (anonymous function) (https://img3.doubanio.com/f/accounts/89b48f11a15fb68497a8bf010d94cb38bffa728f/passport/build/login/base.js:2)
  sendEvent (:0)
  _keyEvent (phantomjs://code/inputs.js:325)
  _pressKey (phantomjs://code/inputs.js:280)
  _sendKeys (phantomjs://code/inputs.js:237)
  _postValueCommand (phantomjs://code/webelement_request_handler.js:288)
  _handle (phantomjs://code/webelement_request_handler.js:72)
  _reroute (phantomjs://code/request_handler.js:61)
  _handle (phantomjs://code/session_request_handler.js:120)
  _reroute (phantomjs://code/request_handler.js:61)
  _handle (phantomjs://code/router_request_handler.js:78)

  phantomjs://platform/console++.js:263 in error
[ERROR - 2020-05-01T08:45:41.959Z] Session [1d865f20-8b88-11ea-b34d-e7b20926acb9] - page.onError - msg: TypeError: null is not an object (evaluating 'r[1]')

  phantomjs://platform/console++.js:263 in error
[ERROR - 2020-05-01T08:45:41.960Z] Session [1d865f20-8b88-11ea-b34d-e7b20926acb9] - page.onError - stack:
  e (https://img3.doubanio.com/f/accounts/89b48f11a15fb68497a8bf010d94cb38bffa728f/passport/build/login/base.js:4)
  (anonymous function) (https://img3.doubanio.com/f/accounts/89b48f11a15fb68497a8bf010d94cb38bffa728f/passport/build/login/base.js:2)
  sendEvent (:0)
  _keyEvent (phantomjs://code/inputs.js:325)
  _pressKey (phantomjs://code/inputs.js:280)
  _sendKeys (phantomjs://code/inputs.js:237)
  _postValueCommand (phantomjs://code/webelement_request_handler.js:288)
  _handle (phantomjs://code/webelement_request_handler.js:72)
  _reroute (phantomjs://code/request_handler.js:61)
  _handle (phantomjs://code/session_request_handler.js:120)
  _reroute (phantomjs://code/request_handler.js:61)
  _handle (phantomjs://code/router_request_handler.js:78)

  phantomjs://platform/console++.js:263 in error
[ERROR - 2020-05-01T08:45:41.964Z] Session [1d865f20-8b88-11ea-b34d-e7b20926acb9] - page.onError - msg: TypeError: null is not an object (evaluating 'r[1]')

  phantomjs://platform/console++.js:263 in error
[ERROR - 2020-05-01T08:45:41.964Z] Session [1d865f20-8b88-11ea-b34d-e7b20926acb9] - page.onError - stack:
  e (https://img3.doubanio.com/f/accounts/89b48f11a15fb68497a8bf010d94cb38bffa728f/passport/build/login/base.js:4)
  (anonymous function) (https://img3.doubanio.com/f/accounts/89b48f11a15fb68497a8bf010d94cb38bffa728f/passport/build/login/base.js:2)
  sendEvent (:0)
  _keyEvent (phantomjs://code/inputs.js:325)
  _pressKey (phantomjs://code/inputs.js:280)
  _sendKeys (phantomjs://code/inputs.js:237)
  _postValueCommand (phantomjs://code/webelement_request_handler.js:288)
  _handle (phantomjs://code/webelement_request_handler.js:72)
  _reroute (phantomjs://code/request_handler.js:61)
  _handle (phantomjs://code/session_request_handler.js:120)
  _reroute (phantomjs://code/request_handler.js:61)
  _handle (phantomjs://code/router_request_handler.js:78)

  phantomjs://platform/console++.js:263 in error
[ERROR - 2020-05-01T08:45:41.968Z] Session [1d865f20-8b88-11ea-b34d-e7b20926acb9] - page.onError - msg: TypeError: null is not an object (evaluating 'r[1]')

  phantomjs://platform/console++.js:263 in error
[ERROR - 2020-05-01T08:45:41.968Z] Session [1d865f20-8b88-11ea-b34d-e7b20926acb9] - page.onError - stack:
  e (https://img3.doubanio.com/f/accounts/89b48f11a15fb68497a8bf010d94cb38bffa728f/passport/build/login/base.js:4)
  (anonymous function) (https://img3.doubanio.com/f/accounts/89b48f11a15fb68497a8bf010d94cb38bffa728f/passport/build/login/base.js:2)
  sendEvent (:0)
  _keyEvent (phantomjs://code/inputs.js:325)
  _pressKey (phantomjs://code/inputs.js:280)
  _sendKeys (phantomjs://code/inputs.js:237)
  _postValueCommand (phantomjs://code/webelement_request_handler.js:288)
  _handle (phantomjs://code/webelement_request_handler.js:72)
  _reroute (phantomjs://code/request_handler.js:61)
  _handle (phantomjs://code/session_request_handler.js:120)
  _reroute (phantomjs://code/request_handler.js:61)
  _handle (phantomjs://code/router_request_handler.js:78)

  phantomjs://platform/console++.js:263 in error
[ERROR - 2020-05-01T08:45:41.972Z] Session [1d865f20-8b88-11ea-b34d-e7b20926acb9] - page.onError - msg: TypeError: null is not an object (evaluating 'r[1]')

  phantomjs://platform/console++.js:263 in error
[ERROR - 2020-05-01T08:45:41.973Z] Session [1d865f20-8b88-11ea-b34d-e7b20926acb9] - page.onError - stack:
  e (https://img3.doubanio.com/f/accounts/89b48f11a15fb68497a8bf010d94cb38bffa728f/passport/build/login/base.js:4)
  (anonymous function) (https://img3.doubanio.com/f/accounts/89b48f11a15fb68497a8bf010d94cb38bffa728f/passport/build/login/base.js:2)
  sendEvent (:0)
  _keyEvent (phantomjs://code/inputs.js:325)
  _pressKey (phantomjs://code/inputs.js:280)
  _sendKeys (phantomjs://code/inputs.js:237)
  _postValueCommand (phantomjs://code/webelement_request_handler.js:288)
  _handle (phantomjs://code/webelement_request_handler.js:72)
  _reroute (phantomjs://code/request_handler.js:61)
  _handle (phantomjs://code/session_request_handler.js:120)
  _reroute (phantomjs://code/request_handler.js:61)
  _handle (phantomjs://code/router_request_handler.js:78)

  phantomjs://platform/console++.js:263 in error
